

Started GET "/" for 127.0.0.1 at 2014-10-12 21:14:49 +1300

ActiveRecord::NoDatabaseError (FATAL:  database "psychic-adventure_development" does not exist
Run `$ bin/rake db:create db:migrate` to create your database):
  activerecord (4.1.6) lib/active_record/connection_adapters/postgresql_adapter.rb:898:in `rescue in connect'
  activerecord (4.1.6) lib/active_record/connection_adapters/postgresql_adapter.rb:888:in `connect'
  activerecord (4.1.6) lib/active_record/connection_adapters/postgresql_adapter.rb:568:in `initialize'
  activerecord (4.1.6) lib/active_record/connection_adapters/postgresql_adapter.rb:41:in `new'
  activerecord (4.1.6) lib/active_record/connection_adapters/postgresql_adapter.rb:41:in `postgresql_connection'
  activerecord (4.1.6) lib/active_record/connection_adapters/abstract/connection_pool.rb:435:in `new_connection'
  activerecord (4.1.6) lib/active_record/connection_adapters/abstract/connection_pool.rb:445:in `checkout_new_connection'
  activerecord (4.1.6) lib/active_record/connection_adapters/abstract/connection_pool.rb:416:in `acquire_connection'
  activerecord (4.1.6) lib/active_record/connection_adapters/abstract/connection_pool.rb:351:in `block in checkout'
  /Users/Amelia/.rvm/rubies/ruby-2.1.2/lib/ruby/2.1.0/monitor.rb:211:in `mon_synchronize'
  activerecord (4.1.6) lib/active_record/connection_adapters/abstract/connection_pool.rb:350:in `checkout'
  activerecord (4.1.6) lib/active_record/connection_adapters/abstract/connection_pool.rb:265:in `block in connection'
  /Users/Amelia/.rvm/rubies/ruby-2.1.2/lib/ruby/2.1.0/monitor.rb:211:in `mon_synchronize'
  activerecord (4.1.6) lib/active_record/connection_adapters/abstract/connection_pool.rb:264:in `connection'
  activerecord (4.1.6) lib/active_record/connection_adapters/abstract/connection_pool.rb:541:in `retrieve_connection'
  activerecord (4.1.6) lib/active_record/connection_handling.rb:113:in `retrieve_connection'
  activerecord (4.1.6) lib/active_record/connection_handling.rb:87:in `connection'
  activerecord (4.1.6) lib/active_record/query_cache.rb:51:in `restore_query_cache_settings'
  activerecord (4.1.6) lib/active_record/query_cache.rb:43:in `rescue in call'
  activerecord (4.1.6) lib/active_record/query_cache.rb:32:in `call'
  activerecord (4.1.6) lib/active_record/connection_adapters/abstract/connection_pool.rb:621:in `call'
  activerecord (4.1.6) lib/active_record/migration.rb:380:in `call'
  actionpack (4.1.6) lib/action_dispatch/middleware/callbacks.rb:29:in `block in call'
  activesupport (4.1.6) lib/active_support/callbacks.rb:82:in `run_callbacks'
  actionpack (4.1.6) lib/action_dispatch/middleware/callbacks.rb:27:in `call'
  actionpack (4.1.6) lib/action_dispatch/middleware/reloader.rb:73:in `call'
  actionpack (4.1.6) lib/action_dispatch/middleware/remote_ip.rb:76:in `call'
  actionpack (4.1.6) lib/action_dispatch/middleware/debug_exceptions.rb:17:in `call'
  actionpack (4.1.6) lib/action_dispatch/middleware/show_exceptions.rb:30:in `call'
  railties (4.1.6) lib/rails/rack/logger.rb:38:in `call_app'
  railties (4.1.6) lib/rails/rack/logger.rb:20:in `block in call'
  activesupport (4.1.6) lib/active_support/tagged_logging.rb:68:in `block in tagged'
  activesupport (4.1.6) lib/active_support/tagged_logging.rb:26:in `tagged'
  activesupport (4.1.6) lib/active_support/tagged_logging.rb:68:in `tagged'
  railties (4.1.6) lib/rails/rack/logger.rb:20:in `call'
  actionpack (4.1.6) lib/action_dispatch/middleware/request_id.rb:21:in `call'
  rack (1.5.2) lib/rack/methodoverride.rb:21:in `call'
  rack (1.5.2) lib/rack/runtime.rb:17:in `call'
  activesupport (4.1.6) lib/active_support/cache/strategy/local_cache_middleware.rb:26:in `call'
  rack (1.5.2) lib/rack/lock.rb:17:in `call'
  actionpack (4.1.6) lib/action_dispatch/middleware/static.rb:64:in `call'
  rack (1.5.2) lib/rack/sendfile.rb:112:in `call'
  railties (4.1.6) lib/rails/engine.rb:514:in `call'
  railties (4.1.6) lib/rails/application.rb:144:in `call'
  rack (1.5.2) lib/rack/lock.rb:17:in `call'
  rack (1.5.2) lib/rack/content_length.rb:14:in `call'
  rack (1.5.2) lib/rack/handler/webrick.rb:60:in `service'
  /Users/Amelia/.rvm/rubies/ruby-2.1.2/lib/ruby/2.1.0/webrick/httpserver.rb:138:in `service'
  /Users/Amelia/.rvm/rubies/ruby-2.1.2/lib/ruby/2.1.0/webrick/httpserver.rb:94:in `run'
  /Users/Amelia/.rvm/rubies/ruby-2.1.2/lib/ruby/2.1.0/webrick/server.rb:295:in `block in start_thread'


  Rendered /Users/Amelia/.rvm/gems/ruby-2.1.2/gems/actionpack-4.1.6/lib/action_dispatch/middleware/templates/rescues/_source.erb (0.9ms)
  Rendered /Users/Amelia/.rvm/gems/ruby-2.1.2/gems/actionpack-4.1.6/lib/action_dispatch/middleware/templates/rescues/_trace.html.erb (1.8ms)
  Rendered /Users/Amelia/.rvm/gems/ruby-2.1.2/gems/actionpack-4.1.6/lib/action_dispatch/middleware/templates/rescues/_request_and_response.html.erb (1.4ms)
  Rendered /Users/Amelia/.rvm/gems/ruby-2.1.2/gems/actionpack-4.1.6/lib/action_dispatch/middleware/templates/rescues/diagnostics.erb within rescues/layout (32.7ms)


Started GET "/" for 127.0.0.1 at 2014-10-12 21:15:24 +1300
Processing by WelcomeController#index as HTML
Completed 500 Internal Server Error in 84ms

ActionView::MissingTemplate (Missing template welcome/index, application/index with {:locale=>[:en], :formats=>[:html], :variants=>[], :handlers=>[:erb, :builder, :raw, :ruby, :jbuilder, :coffee]}. Searched in:
  * "/Users/Amelia/personal_projects/psychic-adventure/app/views"
):
  actionview (4.1.6) lib/action_view/path_set.rb:46:in `find'
  actionview (4.1.6) lib/action_view/lookup_context.rb:124:in `find'
  actionview (4.1.6) lib/action_view/renderer/abstract_renderer.rb:18:in `find_template'
  actionview (4.1.6) lib/action_view/renderer/template_renderer.rb:41:in `determine_template'
  actionview (4.1.6) lib/action_view/renderer/template_renderer.rb:8:in `render'
  actionview (4.1.6) lib/action_view/renderer/renderer.rb:42:in `render_template'
  actionview (4.1.6) lib/action_view/renderer/renderer.rb:23:in `render'
  actionview (4.1.6) lib/action_view/rendering.rb:99:in `_render_template'
  actionpack (4.1.6) lib/action_controller/metal/streaming.rb:217:in `_render_template'
  actionview (4.1.6) lib/action_view/rendering.rb:82:in `render_to_body'
  actionpack (4.1.6) lib/action_controller/metal/rendering.rb:32:in `render_to_body'
  actionpack (4.1.6) lib/action_controller/metal/renderers.rb:32:in `render_to_body'
  actionpack (4.1.6) lib/abstract_controller/rendering.rb:25:in `render'
  actionpack (4.1.6) lib/action_controller/metal/rendering.rb:16:in `render'
  actionpack (4.1.6) lib/action_controller/metal/instrumentation.rb:41:in `block (2 levels) in render'
  activesupport (4.1.6) lib/active_support/core_ext/benchmark.rb:12:in `block in ms'
  /Users/Amelia/.rvm/rubies/ruby-2.1.2/lib/ruby/2.1.0/benchmark.rb:294:in `realtime'
  activesupport (4.1.6) lib/active_support/core_ext/benchmark.rb:12:in `ms'
  actionpack (4.1.6) lib/action_controller/metal/instrumentation.rb:41:in `block in render'
  actionpack (4.1.6) lib/action_controller/metal/instrumentation.rb:84:in `cleanup_view_runtime'
  activerecord (4.1.6) lib/active_record/railties/controller_runtime.rb:25:in `cleanup_view_runtime'
  actionpack (4.1.6) lib/action_controller/metal/instrumentation.rb:40:in `render'
  actionpack (4.1.6) lib/action_controller/metal/implicit_render.rb:10:in `default_render'
  actionpack (4.1.6) lib/action_controller/metal/implicit_render.rb:5:in `send_action'
  actionpack (4.1.6) lib/abstract_controller/base.rb:189:in `process_action'
  actionpack (4.1.6) lib/action_controller/metal/rendering.rb:10:in `process_action'
  actionpack (4.1.6) lib/abstract_controller/callbacks.rb:20:in `block in process_action'
  activesupport (4.1.6) lib/active_support/callbacks.rb:113:in `call'
  activesupport (4.1.6) lib/active_support/callbacks.rb:113:in `call'
  activesupport (4.1.6) lib/active_support/callbacks.rb:229:in `block in halting'
  activesupport (4.1.6) lib/active_support/callbacks.rb:229:in `call'
  activesupport (4.1.6) lib/active_support/callbacks.rb:229:in `block in halting'
  activesupport (4.1.6) lib/active_support/callbacks.rb:166:in `call'
  activesupport (4.1.6) lib/active_support/callbacks.rb:166:in `block in halting'
  activesupport (4.1.6) lib/active_support/callbacks.rb:166:in `call'
  activesupport (4.1.6) lib/active_support/callbacks.rb:166:in `block in halting'
  activesupport (4.1.6) lib/active_support/callbacks.rb:166:in `call'
  activesupport (4.1.6) lib/active_support/callbacks.rb:166:in `block in halting'
  activesupport (4.1.6) lib/active_support/callbacks.rb:86:in `call'
  activesupport (4.1.6) lib/active_support/callbacks.rb:86:in `run_callbacks'
  actionpack (4.1.6) lib/abstract_controller/callbacks.rb:19:in `process_action'
  actionpack (4.1.6) lib/action_controller/metal/rescue.rb:29:in `process_action'
  actionpack (4.1.6) lib/action_controller/metal/instrumentation.rb:31:in `block in process_action'
  activesupport (4.1.6) lib/active_support/notifications.rb:159:in `block in instrument'
  activesupport (4.1.6) lib/active_support/notifications/instrumenter.rb:20:in `instrument'
  activesupport (4.1.6) lib/active_support/notifications.rb:159:in `instrument'
  actionpack (4.1.6) lib/action_controller/metal/instrumentation.rb:30:in `process_action'
  actionpack (4.1.6) lib/action_controller/metal/params_wrapper.rb:250:in `process_action'
  activerecord (4.1.6) lib/active_record/railties/controller_runtime.rb:18:in `process_action'
  actionpack (4.1.6) lib/abstract_controller/base.rb:136:in `process'
  actionview (4.1.6) lib/action_view/rendering.rb:30:in `process'
  actionpack (4.1.6) lib/action_controller/metal.rb:196:in `dispatch'
  actionpack (4.1.6) lib/action_controller/metal/rack_delegation.rb:13:in `dispatch'
  actionpack (4.1.6) lib/action_controller/metal.rb:232:in `block in action'
  actionpack (4.1.6) lib/action_dispatch/routing/route_set.rb:82:in `call'
  actionpack (4.1.6) lib/action_dispatch/routing/route_set.rb:82:in `dispatch'
  actionpack (4.1.6) lib/action_dispatch/routing/route_set.rb:50:in `call'
  actionpack (4.1.6) lib/action_dispatch/journey/router.rb:73:in `block in call'
  actionpack (4.1.6) lib/action_dispatch/journey/router.rb:59:in `each'
  actionpack (4.1.6) lib/action_dispatch/journey/router.rb:59:in `call'
  actionpack (4.1.6) lib/action_dispatch/routing/route_set.rb:678:in `call'
  rack (1.5.2) lib/rack/etag.rb:23:in `call'
  rack (1.5.2) lib/rack/conditionalget.rb:25:in `call'
  rack (1.5.2) lib/rack/head.rb:11:in `call'
  actionpack (4.1.6) lib/action_dispatch/middleware/params_parser.rb:27:in `call'
  actionpack (4.1.6) lib/action_dispatch/middleware/flash.rb:254:in `call'
  rack (1.5.2) lib/rack/session/abstract/id.rb:225:in `context'
  rack (1.5.2) lib/rack/session/abstract/id.rb:220:in `call'
  actionpack (4.1.6) lib/action_dispatch/middleware/cookies.rb:560:in `call'
  activerecord (4.1.6) lib/active_record/query_cache.rb:36:in `call'
  activerecord (4.1.6) lib/active_record/connection_adapters/abstract/connection_pool.rb:621:in `call'
  activerecord (4.1.6) lib/active_record/migration.rb:380:in `call'
  actionpack (4.1.6) lib/action_dispatch/middleware/callbacks.rb:29:in `block in call'
  activesupport (4.1.6) lib/active_support/callbacks.rb:82:in `run_callbacks'
  actionpack (4.1.6) lib/action_dispatch/middleware/callbacks.rb:27:in `call'
  actionpack (4.1.6) lib/action_dispatch/middleware/reloader.rb:73:in `call'
  actionpack (4.1.6) lib/action_dispatch/middleware/remote_ip.rb:76:in `call'
  actionpack (4.1.6) lib/action_dispatch/middleware/debug_exceptions.rb:17:in `call'
  actionpack (4.1.6) lib/action_dispatch/middleware/show_exceptions.rb:30:in `call'
  railties (4.1.6) lib/rails/rack/logger.rb:38:in `call_app'
  railties (4.1.6) lib/rails/rack/logger.rb:20:in `block in call'
  activesupport (4.1.6) lib/active_support/tagged_logging.rb:68:in `block in tagged'
  activesupport (4.1.6) lib/active_support/tagged_logging.rb:26:in `tagged'
  activesupport (4.1.6) lib/active_support/tagged_logging.rb:68:in `tagged'
  railties (4.1.6) lib/rails/rack/logger.rb:20:in `call'
  actionpack (4.1.6) lib/action_dispatch/middleware/request_id.rb:21:in `call'
  rack (1.5.2) lib/rack/methodoverride.rb:21:in `call'
  rack (1.5.2) lib/rack/runtime.rb:17:in `call'
  activesupport (4.1.6) lib/active_support/cache/strategy/local_cache_middleware.rb:26:in `call'
  rack (1.5.2) lib/rack/lock.rb:17:in `call'
  actionpack (4.1.6) lib/action_dispatch/middleware/static.rb:64:in `call'
  rack (1.5.2) lib/rack/sendfile.rb:112:in `call'
  railties (4.1.6) lib/rails/engine.rb:514:in `call'
  railties (4.1.6) lib/rails/application.rb:144:in `call'
  rack (1.5.2) lib/rack/lock.rb:17:in `call'
  rack (1.5.2) lib/rack/content_length.rb:14:in `call'
  rack (1.5.2) lib/rack/handler/webrick.rb:60:in `service'
  /Users/Amelia/.rvm/rubies/ruby-2.1.2/lib/ruby/2.1.0/webrick/httpserver.rb:138:in `service'
  /Users/Amelia/.rvm/rubies/ruby-2.1.2/lib/ruby/2.1.0/webrick/httpserver.rb:94:in `run'
  /Users/Amelia/.rvm/rubies/ruby-2.1.2/lib/ruby/2.1.0/webrick/server.rb:295:in `block in start_thread'


  Rendered /Users/Amelia/.rvm/gems/ruby-2.1.2/gems/actionpack-4.1.6/lib/action_dispatch/middleware/templates/rescues/missing_template.html.erb within rescues/layout (2.2ms)


Started GET "/" for 127.0.0.1 at 2014-10-12 21:15:50 +1300
Processing by WelcomeController#index as HTML
  Rendered welcome/index.html.erb within layouts/application (0.5ms)
Completed 200 OK in 1981ms (Views: 1979.9ms | ActiveRecord: 0.0ms)


Started GET "/assets/turbolinks.js?body=1" for 127.0.0.1 at 2014-10-12 21:15:53 +1300


Started GET "/assets/welcome.css?body=1" for 127.0.0.1 at 2014-10-12 21:15:53 +1300


Started GET "/assets/welcome.js?body=1" for 127.0.0.1 at 2014-10-12 21:15:53 +1300


Started GET "/assets/application.js?body=1" for 127.0.0.1 at 2014-10-12 21:15:53 +1300


Started GET "/assets/application.css?body=1" for 127.0.0.1 at 2014-10-12 21:15:53 +1300


Started GET "/assets/jquery_ujs.js?body=1" for 127.0.0.1 at 2014-10-12 21:15:53 +1300


Started GET "/assets/jquery.js?body=1" for 127.0.0.1 at 2014-10-12 21:15:53 +1300


Started GET "/" for 127.0.0.1 at 2014-10-12 21:21:12 +1300
Processing by WelcomeController#index as HTML
  Rendered welcome/index.html.erb within layouts/application (1.9ms)
Completed 200 OK in 303ms (Views: 256.7ms | ActiveRecord: 0.0ms)


Started GET "/assets/application.css?body=1" for 127.0.0.1 at 2014-10-12 21:21:13 +1300


Started GET "/assets/turbolinks.js?body=1" for 127.0.0.1 at 2014-10-12 21:21:13 +1300


Started GET "/assets/welcome.css?body=1" for 127.0.0.1 at 2014-10-12 21:21:13 +1300


Started GET "/assets/jquery.js?body=1" for 127.0.0.1 at 2014-10-12 21:21:13 +1300


Started GET "/assets/jquery_ujs.js?body=1" for 127.0.0.1 at 2014-10-12 21:21:13 +1300


Started GET "/assets/application.js?body=1" for 127.0.0.1 at 2014-10-12 21:21:13 +1300


Started GET "/assets/welcome.js?body=1" for 127.0.0.1 at 2014-10-12 21:21:13 +1300


Started GET "/assets/welcome.css?body=1" for 127.0.0.1 at 2014-10-12 21:21:16 +1300


Started GET "/assets/application.css?body=1" for 127.0.0.1 at 2014-10-12 21:21:16 +1300


Started GET "/" for 127.0.0.1 at 2014-10-12 21:27:02 +1300
Processing by WelcomeController#index as HTML
  Rendered welcome/index.html.erb within layouts/application (2.3ms)
Completed 500 Internal Server Error in 139ms

ActionView::Template::Error (Invalid CSS after "$primary-color": expected selector or at-rule, was ": #333"
  (in /Users/Amelia/personal_projects/psychic-adventure/app/assets/stylesheets/welcome.css.scss:6)):
    2: <html>
    3: <head>
    4:   <title>PsychicAdventure</title>
    5:   <%= stylesheet_link_tag    'application', media: 'all', 'data-turbolinks-track' => true %>
    6:   <%= javascript_include_tag 'application' %>
    7:   <%= csrf_meta_tags %>
    8: </head>
  app/assets/stylesheets/welcome.css.scss:6
  app/views/layouts/application.html.erb:5:in `_app_views_layouts_application_html_erb___3709318940899257397_70328392764160'


  Rendered /Users/Amelia/.rvm/gems/ruby-2.1.2/gems/actionpack-4.1.6/lib/action_dispatch/middleware/templates/rescues/_trace.html.erb (2.0ms)
  Rendered /Users/Amelia/.rvm/gems/ruby-2.1.2/gems/actionpack-4.1.6/lib/action_dispatch/middleware/templates/rescues/_request_and_response.html.erb (1.5ms)
  Rendered /Users/Amelia/.rvm/gems/ruby-2.1.2/gems/actionpack-4.1.6/lib/action_dispatch/middleware/templates/rescues/template_error.html.erb within rescues/layout (24.5ms)


Started GET "/" for 127.0.0.1 at 2014-10-12 21:27:34 +1300
Processing by WelcomeController#index as HTML
  Rendered welcome/index.html.erb within layouts/application (0.1ms)
Completed 200 OK in 304ms (Views: 303.1ms | ActiveRecord: 0.0ms)


Started GET "/assets/welcome.css?body=1" for 127.0.0.1 at 2014-10-12 21:27:35 +1300


Started GET "/assets/welcome.js?body=1" for 127.0.0.1 at 2014-10-12 21:27:35 +1300


Started GET "/assets/application.js?body=1" for 127.0.0.1 at 2014-10-12 21:27:35 +1300


Started GET "/assets/application.css?body=1" for 127.0.0.1 at 2014-10-12 21:27:35 +1300


Started GET "/assets/jquery.js?body=1" for 127.0.0.1 at 2014-10-12 21:27:35 +1300


Started GET "/assets/jquery_ujs.js?body=1" for 127.0.0.1 at 2014-10-12 21:27:35 +1300


Started GET "/" for 127.0.0.1 at 2014-10-12 21:27:49 +1300
Processing by WelcomeController#index as HTML
  Rendered welcome/index.html.erb within layouts/application (0.1ms)
Completed 200 OK in 251ms (Views: 250.3ms | ActiveRecord: 0.0ms)


Started GET "/assets/application.css?body=1" for 127.0.0.1 at 2014-10-12 21:27:50 +1300


Started GET "/assets/application.js?body=1" for 127.0.0.1 at 2014-10-12 21:27:50 +1300


Started GET "/assets/welcome.css?body=1" for 127.0.0.1 at 2014-10-12 21:27:50 +1300


Started GET "/assets/welcome.js?body=1" for 127.0.0.1 at 2014-10-12 21:27:50 +1300


Started GET "/assets/jquery_ujs.js?body=1" for 127.0.0.1 at 2014-10-12 21:27:50 +1300


Started GET "/assets/jquery.js?body=1" for 127.0.0.1 at 2014-10-12 21:27:50 +1300


Started GET "/" for 127.0.0.1 at 2014-10-12 21:28:00 +1300
Processing by WelcomeController#index as HTML
  Rendered welcome/index.html.erb within layouts/application (0.1ms)
Completed 200 OK in 216ms (Views: 215.7ms | ActiveRecord: 0.0ms)


Started GET "/assets/welcome.css?body=1" for 127.0.0.1 at 2014-10-12 21:28:01 +1300


Started GET "/assets/application.css?body=1" for 127.0.0.1 at 2014-10-12 21:28:01 +1300


Started GET "/assets/jquery.js?body=1" for 127.0.0.1 at 2014-10-12 21:28:01 +1300


Started GET "/assets/jquery_ujs.js?body=1" for 127.0.0.1 at 2014-10-12 21:28:01 +1300


Started GET "/assets/welcome.js?body=1" for 127.0.0.1 at 2014-10-12 21:28:01 +1300


Started GET "/assets/application.js?body=1" for 127.0.0.1 at 2014-10-12 21:28:01 +1300


Started GET "/" for 127.0.0.1 at 2014-10-12 21:40:37 +1300
Processing by WelcomeController#index as HTML
  Rendered welcome/index.html.erb within layouts/application (0.1ms)
Completed 200 OK in 163ms (Views: 162.4ms | ActiveRecord: 0.0ms)


Started GET "/assets/welcome.css?body=1" for 127.0.0.1 at 2014-10-12 21:40:40 +1300


Started GET "/assets/jquery.js?body=1" for 127.0.0.1 at 2014-10-12 21:40:40 +1300


Started GET "/assets/application.css?body=1" for 127.0.0.1 at 2014-10-12 21:40:40 +1300


Started GET "/assets/welcome.js?body=1" for 127.0.0.1 at 2014-10-12 21:40:40 +1300


Started GET "/assets/jquery_ujs.js?body=1" for 127.0.0.1 at 2014-10-12 21:40:40 +1300


Started GET "/assets/application.js?body=1" for 127.0.0.1 at 2014-10-12 21:40:40 +1300


Started GET "/" for 127.0.0.1 at 2014-10-12 21:43:05 +1300
Processing by WelcomeController#index as HTML
  Rendered welcome/index.html.erb within layouts/application (0.1ms)
Completed 200 OK in 66ms (Views: 65.6ms | ActiveRecord: 0.0ms)


Started GET "/assets/application.css?body=1" for 127.0.0.1 at 2014-10-12 21:43:05 +1300


Started GET "/assets/jquery.js?body=1" for 127.0.0.1 at 2014-10-12 21:43:05 +1300


Started GET "/assets/jquery_ujs.js?body=1" for 127.0.0.1 at 2014-10-12 21:43:05 +1300


Started GET "/assets/welcome.css?body=1" for 127.0.0.1 at 2014-10-12 21:43:05 +1300


Started GET "/assets/welcome.js?body=1" for 127.0.0.1 at 2014-10-12 21:43:05 +1300


Started GET "/assets/application.js?body=1" for 127.0.0.1 at 2014-10-12 21:43:05 +1300


Started GET "/" for 127.0.0.1 at 2014-10-12 21:44:41 +1300
Processing by WelcomeController#index as HTML
  Rendered welcome/index.html.erb within layouts/application (0.1ms)
Completed 200 OK in 74ms (Views: 71.8ms | ActiveRecord: 0.0ms)


Started GET "/assets/welcome.css?body=1" for 127.0.0.1 at 2014-10-12 21:44:42 +1300


Started GET "/assets/application.css?body=1" for 127.0.0.1 at 2014-10-12 21:44:42 +1300


Started GET "/assets/jquery.js?body=1" for 127.0.0.1 at 2014-10-12 21:44:42 +1300


Started GET "/assets/application.js?body=1" for 127.0.0.1 at 2014-10-12 21:44:42 +1300


Started GET "/assets/jquery_ujs.js?body=1" for 127.0.0.1 at 2014-10-12 21:44:42 +1300


Started GET "/assets/welcome.js?body=1" for 127.0.0.1 at 2014-10-12 21:44:42 +1300


Started GET "/" for 127.0.0.1 at 2014-10-12 21:45:08 +1300
Processing by WelcomeController#index as HTML
  Rendered welcome/index.html.erb within layouts/application (0.1ms)
Completed 200 OK in 68ms (Views: 67.6ms | ActiveRecord: 0.0ms)


Started GET "/assets/welcome.css?body=1" for 127.0.0.1 at 2014-10-12 21:45:08 +1300


Started GET "/assets/application.css?body=1" for 127.0.0.1 at 2014-10-12 21:45:08 +1300


Started GET "/assets/jquery.js?body=1" for 127.0.0.1 at 2014-10-12 21:45:09 +1300


Started GET "/assets/jquery_ujs.js?body=1" for 127.0.0.1 at 2014-10-12 21:45:09 +1300


Started GET "/assets/welcome.js?body=1" for 127.0.0.1 at 2014-10-12 21:45:09 +1300


Started GET "/assets/application.js?body=1" for 127.0.0.1 at 2014-10-12 21:45:09 +1300


Started GET "/" for 127.0.0.1 at 2014-10-12 21:46:15 +1300
Processing by WelcomeController#index as HTML
  Rendered welcome/index.html.erb within layouts/application (0.1ms)
Completed 200 OK in 68ms (Views: 67.7ms | ActiveRecord: 0.0ms)


Started GET "/assets/welcome.css?body=1" for 127.0.0.1 at 2014-10-12 21:46:15 +1300


Started GET "/assets/jquery.js?body=1" for 127.0.0.1 at 2014-10-12 21:46:15 +1300


Started GET "/assets/application.js?body=1" for 127.0.0.1 at 2014-10-12 21:46:15 +1300


Started GET "/assets/welcome.js?body=1" for 127.0.0.1 at 2014-10-12 21:46:15 +1300


Started GET "/assets/jquery_ujs.js?body=1" for 127.0.0.1 at 2014-10-12 21:46:15 +1300


Started GET "/assets/application.css?body=1" for 127.0.0.1 at 2014-10-12 21:46:15 +1300


Started GET "/images/IMG_1144.JPG" for 127.0.0.1 at 2014-10-12 21:46:16 +1300

ActionController::RoutingError (No route matches [GET] "/images/IMG_1144.JPG"):
  actionpack (4.1.6) lib/action_dispatch/middleware/debug_exceptions.rb:21:in `call'
  actionpack (4.1.6) lib/action_dispatch/middleware/show_exceptions.rb:30:in `call'
  railties (4.1.6) lib/rails/rack/logger.rb:38:in `call_app'
  railties (4.1.6) lib/rails/rack/logger.rb:20:in `block in call'
  activesupport (4.1.6) lib/active_support/tagged_logging.rb:68:in `block in tagged'
  activesupport (4.1.6) lib/active_support/tagged_logging.rb:26:in `tagged'
  activesupport (4.1.6) lib/active_support/tagged_logging.rb:68:in `tagged'
  railties (4.1.6) lib/rails/rack/logger.rb:20:in `call'
  actionpack (4.1.6) lib/action_dispatch/middleware/request_id.rb:21:in `call'
  rack (1.5.2) lib/rack/methodoverride.rb:21:in `call'
  rack (1.5.2) lib/rack/runtime.rb:17:in `call'
  activesupport (4.1.6) lib/active_support/cache/strategy/local_cache_middleware.rb:26:in `call'
  rack (1.5.2) lib/rack/lock.rb:17:in `call'
  actionpack (4.1.6) lib/action_dispatch/middleware/static.rb:64:in `call'
  rack (1.5.2) lib/rack/sendfile.rb:112:in `call'
  railties (4.1.6) lib/rails/engine.rb:514:in `call'
  railties (4.1.6) lib/rails/application.rb:144:in `call'
  rack (1.5.2) lib/rack/lock.rb:17:in `call'
  rack (1.5.2) lib/rack/content_length.rb:14:in `call'
  rack (1.5.2) lib/rack/handler/webrick.rb:60:in `service'
  /Users/Amelia/.rvm/rubies/ruby-2.1.2/lib/ruby/2.1.0/webrick/httpserver.rb:138:in `service'
  /Users/Amelia/.rvm/rubies/ruby-2.1.2/lib/ruby/2.1.0/webrick/httpserver.rb:94:in `run'
  /Users/Amelia/.rvm/rubies/ruby-2.1.2/lib/ruby/2.1.0/webrick/server.rb:295:in `block in start_thread'


  Rendered /Users/Amelia/.rvm/gems/ruby-2.1.2/gems/actionpack-4.1.6/lib/action_dispatch/middleware/templates/rescues/_trace.html.erb (6.4ms)
  Rendered /Users/Amelia/.rvm/gems/ruby-2.1.2/gems/actionpack-4.1.6/lib/action_dispatch/middleware/templates/routes/_route.html.erb (2.1ms)
  Rendered /Users/Amelia/.rvm/gems/ruby-2.1.2/gems/actionpack-4.1.6/lib/action_dispatch/middleware/templates/routes/_table.html.erb (35.3ms)
  Rendered /Users/Amelia/.rvm/gems/ruby-2.1.2/gems/actionpack-4.1.6/lib/action_dispatch/middleware/templates/rescues/routing_error.html.erb within rescues/layout (373.9ms)


Started GET "/" for 127.0.0.1 at 2014-10-12 21:46:21 +1300
Processing by WelcomeController#index as HTML
  Rendered welcome/index.html.erb within layouts/application (0.1ms)
Completed 200 OK in 89ms (Views: 87.9ms | ActiveRecord: 0.0ms)


Started GET "/assets/application.css?body=1" for 127.0.0.1 at 2014-10-12 21:46:21 +1300


Started GET "/assets/welcome.css?body=1" for 127.0.0.1 at 2014-10-12 21:46:21 +1300


Started GET "/assets/jquery.js?body=1" for 127.0.0.1 at 2014-10-12 21:46:21 +1300


Started GET "/assets/jquery_ujs.js?body=1" for 127.0.0.1 at 2014-10-12 21:46:22 +1300


Started GET "/assets/welcome.js?body=1" for 127.0.0.1 at 2014-10-12 21:46:22 +1300


Started GET "/assets/application.js?body=1" for 127.0.0.1 at 2014-10-12 21:46:22 +1300


Started GET "/images/IMG_1144.JPG" for 127.0.0.1 at 2014-10-12 21:46:22 +1300

ActionController::RoutingError (No route matches [GET] "/images/IMG_1144.JPG"):
  actionpack (4.1.6) lib/action_dispatch/middleware/debug_exceptions.rb:21:in `call'
  actionpack (4.1.6) lib/action_dispatch/middleware/show_exceptions.rb:30:in `call'
  railties (4.1.6) lib/rails/rack/logger.rb:38:in `call_app'
  railties (4.1.6) lib/rails/rack/logger.rb:20:in `block in call'
  activesupport (4.1.6) lib/active_support/tagged_logging.rb:68:in `block in tagged'
  activesupport (4.1.6) lib/active_support/tagged_logging.rb:26:in `tagged'
  activesupport (4.1.6) lib/active_support/tagged_logging.rb:68:in `tagged'
  railties (4.1.6) lib/rails/rack/logger.rb:20:in `call'
  actionpack (4.1.6) lib/action_dispatch/middleware/request_id.rb:21:in `call'
  rack (1.5.2) lib/rack/methodoverride.rb:21:in `call'
  rack (1.5.2) lib/rack/runtime.rb:17:in `call'
  activesupport (4.1.6) lib/active_support/cache/strategy/local_cache_middleware.rb:26:in `call'
  rack (1.5.2) lib/rack/lock.rb:17:in `call'
  actionpack (4.1.6) lib/action_dispatch/middleware/static.rb:64:in `call'
  rack (1.5.2) lib/rack/sendfile.rb:112:in `call'
  railties (4.1.6) lib/rails/engine.rb:514:in `call'
  railties (4.1.6) lib/rails/application.rb:144:in `call'
  rack (1.5.2) lib/rack/lock.rb:17:in `call'
  rack (1.5.2) lib/rack/content_length.rb:14:in `call'
  rack (1.5.2) lib/rack/handler/webrick.rb:60:in `service'
  /Users/Amelia/.rvm/rubies/ruby-2.1.2/lib/ruby/2.1.0/webrick/httpserver.rb:138:in `service'
  /Users/Amelia/.rvm/rubies/ruby-2.1.2/lib/ruby/2.1.0/webrick/httpserver.rb:94:in `run'
  /Users/Amelia/.rvm/rubies/ruby-2.1.2/lib/ruby/2.1.0/webrick/server.rb:295:in `block in start_thread'


  Rendered /Users/Amelia/.rvm/gems/ruby-2.1.2/gems/actionpack-4.1.6/lib/action_dispatch/middleware/templates/rescues/_trace.html.erb (1.8ms)
  Rendered /Users/Amelia/.rvm/gems/ruby-2.1.2/gems/actionpack-4.1.6/lib/action_dispatch/middleware/templates/routes/_route.html.erb (1.7ms)
  Rendered /Users/Amelia/.rvm/gems/ruby-2.1.2/gems/actionpack-4.1.6/lib/action_dispatch/middleware/templates/routes/_table.html.erb (2.2ms)
  Rendered /Users/Amelia/.rvm/gems/ruby-2.1.2/gems/actionpack-4.1.6/lib/action_dispatch/middleware/templates/rescues/routing_error.html.erb within rescues/layout (28.3ms)


Started GET "/" for 127.0.0.1 at 2014-10-12 21:50:22 +1300
Processing by WelcomeController#index as HTML
  Rendered welcome/index.html.erb within layouts/application (0.1ms)
Completed 200 OK in 84ms (Views: 83.2ms | ActiveRecord: 0.0ms)


Started GET "/assets/application.css?body=1" for 127.0.0.1 at 2014-10-12 21:50:23 +1300


Started GET "/assets/jquery.js?body=1" for 127.0.0.1 at 2014-10-12 21:50:23 +1300


Started GET "/assets/welcome.css?body=1" for 127.0.0.1 at 2014-10-12 21:50:23 +1300


Started GET "/assets/welcome.js?body=1" for 127.0.0.1 at 2014-10-12 21:50:23 +1300


Started GET "/assets/jquery_ujs.js?body=1" for 127.0.0.1 at 2014-10-12 21:50:23 +1300


Started GET "/assets/application.js?body=1" for 127.0.0.1 at 2014-10-12 21:50:23 +1300


Started GET "/assets/IMG_1144.jpg" for 127.0.0.1 at 2014-10-12 21:50:23 +1300

ActionController::RoutingError (No route matches [GET] "/IMG_1144.jpg"):
  actionpack (4.1.6) lib/action_dispatch/middleware/debug_exceptions.rb:21:in `call'
  actionpack (4.1.6) lib/action_dispatch/middleware/show_exceptions.rb:30:in `call'
  railties (4.1.6) lib/rails/rack/logger.rb:38:in `call_app'
  railties (4.1.6) lib/rails/rack/logger.rb:20:in `block in call'
  activesupport (4.1.6) lib/active_support/tagged_logging.rb:68:in `block in tagged'
  activesupport (4.1.6) lib/active_support/tagged_logging.rb:26:in `tagged'
  activesupport (4.1.6) lib/active_support/tagged_logging.rb:68:in `tagged'
  railties (4.1.6) lib/rails/rack/logger.rb:20:in `call'
  actionpack (4.1.6) lib/action_dispatch/middleware/request_id.rb:21:in `call'
  rack (1.5.2) lib/rack/methodoverride.rb:21:in `call'
  rack (1.5.2) lib/rack/runtime.rb:17:in `call'
  activesupport (4.1.6) lib/active_support/cache/strategy/local_cache_middleware.rb:26:in `call'
  rack (1.5.2) lib/rack/lock.rb:17:in `call'
  actionpack (4.1.6) lib/action_dispatch/middleware/static.rb:64:in `call'
  rack (1.5.2) lib/rack/sendfile.rb:112:in `call'
  railties (4.1.6) lib/rails/engine.rb:514:in `call'
  railties (4.1.6) lib/rails/application.rb:144:in `call'
  rack (1.5.2) lib/rack/lock.rb:17:in `call'
  rack (1.5.2) lib/rack/content_length.rb:14:in `call'
  rack (1.5.2) lib/rack/handler/webrick.rb:60:in `service'
  /Users/Amelia/.rvm/rubies/ruby-2.1.2/lib/ruby/2.1.0/webrick/httpserver.rb:138:in `service'
  /Users/Amelia/.rvm/rubies/ruby-2.1.2/lib/ruby/2.1.0/webrick/httpserver.rb:94:in `run'
  /Users/Amelia/.rvm/rubies/ruby-2.1.2/lib/ruby/2.1.0/webrick/server.rb:295:in `block in start_thread'


  Rendered /Users/Amelia/.rvm/gems/ruby-2.1.2/gems/actionpack-4.1.6/lib/action_dispatch/middleware/templates/rescues/_trace.html.erb (1.9ms)
  Rendered /Users/Amelia/.rvm/gems/ruby-2.1.2/gems/actionpack-4.1.6/lib/action_dispatch/middleware/templates/routes/_route.html.erb (1.1ms)
  Rendered /Users/Amelia/.rvm/gems/ruby-2.1.2/gems/actionpack-4.1.6/lib/action_dispatch/middleware/templates/routes/_table.html.erb (1.9ms)
  Rendered /Users/Amelia/.rvm/gems/ruby-2.1.2/gems/actionpack-4.1.6/lib/action_dispatch/middleware/templates/rescues/routing_error.html.erb within rescues/layout (25.8ms)


Started GET "/" for 127.0.0.1 at 2014-10-12 22:41:09 +1300
Processing by WelcomeController#index as HTML
  Rendered welcome/index.html.erb within layouts/application (3.5ms)
Completed 500 Internal Server Error in 367ms

ActionView::Template::Error (Invalid CSS after "	width": expected ";", was ": 100px;"
  (in /Users/Amelia/personal_projects/psychic-adventure/app/assets/stylesheets/welcome.css.scss:17)):
    2: <html>
    3: <head>
    4:   <title>PsychicAdventure</title>
    5:   <%= stylesheet_link_tag    'application', media: 'all', 'data-turbolinks-track' => true %>
    6:   <%= javascript_include_tag 'application' %>
    7:   <%= csrf_meta_tags %>
    8: </head>
  app/assets/stylesheets/welcome.css.scss:17
  app/views/layouts/application.html.erb:5:in `_app_views_layouts_application_html_erb___1556704960226645855_70247399918140'


  Rendered /Users/Amelia/.rvm/gems/ruby-2.1.2/gems/actionpack-4.1.6/lib/action_dispatch/middleware/templates/rescues/_trace.html.erb (4.7ms)
  Rendered /Users/Amelia/.rvm/gems/ruby-2.1.2/gems/actionpack-4.1.6/lib/action_dispatch/middleware/templates/rescues/_request_and_response.html.erb (2.2ms)
  Rendered /Users/Amelia/.rvm/gems/ruby-2.1.2/gems/actionpack-4.1.6/lib/action_dispatch/middleware/templates/rescues/template_error.html.erb within rescues/layout (66.3ms)


Started GET "/" for 127.0.0.1 at 2014-10-12 22:41:28 +1300
Processing by WelcomeController#index as HTML
  Rendered welcome/index.html.erb within layouts/application (0.1ms)
Completed 200 OK in 669ms (Views: 668.3ms | ActiveRecord: 0.0ms)


Started GET "/assets/welcome.css?body=1" for 127.0.0.1 at 2014-10-12 22:41:29 +1300


Started GET "/assets/application.css?body=1" for 127.0.0.1 at 2014-10-12 22:41:29 +1300


Started GET "/assets/jquery.js?body=1" for 127.0.0.1 at 2014-10-12 22:41:29 +1300


Started GET "/assets/jquery_ujs.js?body=1" for 127.0.0.1 at 2014-10-12 22:41:29 +1300


Started GET "/assets/welcome.js?body=1" for 127.0.0.1 at 2014-10-12 22:41:29 +1300


Started GET "/assets/application.js?body=1" for 127.0.0.1 at 2014-10-12 22:41:29 +1300


Started GET "/" for 127.0.0.1 at 2014-10-12 22:42:44 +1300
Processing by WelcomeController#index as HTML
  Rendered welcome/index.html.erb within layouts/application (0.1ms)
Completed 200 OK in 344ms (Views: 343.4ms | ActiveRecord: 0.0ms)


Started GET "/assets/welcome.css?body=1" for 127.0.0.1 at 2014-10-12 22:42:45 +1300


Started GET "/assets/application.css?body=1" for 127.0.0.1 at 2014-10-12 22:42:45 +1300


Started GET "/assets/jquery.js?body=1" for 127.0.0.1 at 2014-10-12 22:42:45 +1300


Started GET "/assets/welcome.js?body=1" for 127.0.0.1 at 2014-10-12 22:42:45 +1300


Started GET "/assets/application.js?body=1" for 127.0.0.1 at 2014-10-12 22:42:45 +1300


Started GET "/assets/jquery_ujs.js?body=1" for 127.0.0.1 at 2014-10-12 22:42:45 +1300


Started GET "/assets/assets/IMG_1144.jpg" for 127.0.0.1 at 2014-10-12 22:42:45 +1300

ActionController::RoutingError (No route matches [GET] "/assets/IMG_1144.jpg"):
  actionpack (4.1.6) lib/action_dispatch/middleware/debug_exceptions.rb:21:in `call'
  actionpack (4.1.6) lib/action_dispatch/middleware/show_exceptions.rb:30:in `call'
  railties (4.1.6) lib/rails/rack/logger.rb:38:in `call_app'
  railties (4.1.6) lib/rails/rack/logger.rb:20:in `block in call'
  activesupport (4.1.6) lib/active_support/tagged_logging.rb:68:in `block in tagged'
  activesupport (4.1.6) lib/active_support/tagged_logging.rb:26:in `tagged'
  activesupport (4.1.6) lib/active_support/tagged_logging.rb:68:in `tagged'
  railties (4.1.6) lib/rails/rack/logger.rb:20:in `call'
  actionpack (4.1.6) lib/action_dispatch/middleware/request_id.rb:21:in `call'
  rack (1.5.2) lib/rack/methodoverride.rb:21:in `call'
  rack (1.5.2) lib/rack/runtime.rb:17:in `call'
  activesupport (4.1.6) lib/active_support/cache/strategy/local_cache_middleware.rb:26:in `call'
  rack (1.5.2) lib/rack/lock.rb:17:in `call'
  actionpack (4.1.6) lib/action_dispatch/middleware/static.rb:64:in `call'
  rack (1.5.2) lib/rack/sendfile.rb:112:in `call'
  railties (4.1.6) lib/rails/engine.rb:514:in `call'
  railties (4.1.6) lib/rails/application.rb:144:in `call'
  rack (1.5.2) lib/rack/lock.rb:17:in `call'
  rack (1.5.2) lib/rack/content_length.rb:14:in `call'
  rack (1.5.2) lib/rack/handler/webrick.rb:60:in `service'
  /Users/Amelia/.rvm/rubies/ruby-2.1.2/lib/ruby/2.1.0/webrick/httpserver.rb:138:in `service'
  /Users/Amelia/.rvm/rubies/ruby-2.1.2/lib/ruby/2.1.0/webrick/httpserver.rb:94:in `run'
  /Users/Amelia/.rvm/rubies/ruby-2.1.2/lib/ruby/2.1.0/webrick/server.rb:295:in `block in start_thread'


  Rendered /Users/Amelia/.rvm/gems/ruby-2.1.2/gems/actionpack-4.1.6/lib/action_dispatch/middleware/templates/rescues/_trace.html.erb (1.7ms)
  Rendered /Users/Amelia/.rvm/gems/ruby-2.1.2/gems/actionpack-4.1.6/lib/action_dispatch/middleware/templates/routes/_route.html.erb (1.2ms)
  Rendered /Users/Amelia/.rvm/gems/ruby-2.1.2/gems/actionpack-4.1.6/lib/action_dispatch/middleware/templates/routes/_table.html.erb (36.7ms)
  Rendered /Users/Amelia/.rvm/gems/ruby-2.1.2/gems/actionpack-4.1.6/lib/action_dispatch/middleware/templates/rescues/routing_error.html.erb within rescues/layout (375.5ms)


Started GET "/" for 127.0.0.1 at 2014-10-12 22:42:55 +1300
Processing by WelcomeController#index as HTML
  Rendered welcome/index.html.erb within layouts/application (0.1ms)
Completed 200 OK in 118ms (Views: 117.3ms | ActiveRecord: 0.0ms)


Started GET "/assets/welcome.css?body=1" for 127.0.0.1 at 2014-10-12 22:42:56 +1300


Started GET "/assets/application.css?body=1" for 127.0.0.1 at 2014-10-12 22:42:56 +1300


Started GET "/assets/jquery.js?body=1" for 127.0.0.1 at 2014-10-12 22:42:56 +1300


Started GET "/assets/jquery_ujs.js?body=1" for 127.0.0.1 at 2014-10-12 22:42:56 +1300


Started GET "/assets/application.js?body=1" for 127.0.0.1 at 2014-10-12 22:42:56 +1300


Started GET "/assets/welcome.js?body=1" for 127.0.0.1 at 2014-10-12 22:42:56 +1300


Started GET "/assets/assets/IMG_1144.jpg" for 127.0.0.1 at 2014-10-12 22:42:56 +1300

ActionController::RoutingError (No route matches [GET] "/assets/IMG_1144.jpg"):
  actionpack (4.1.6) lib/action_dispatch/middleware/debug_exceptions.rb:21:in `call'
  actionpack (4.1.6) lib/action_dispatch/middleware/show_exceptions.rb:30:in `call'
  railties (4.1.6) lib/rails/rack/logger.rb:38:in `call_app'
  railties (4.1.6) lib/rails/rack/logger.rb:20:in `block in call'
  activesupport (4.1.6) lib/active_support/tagged_logging.rb:68:in `block in tagged'
  activesupport (4.1.6) lib/active_support/tagged_logging.rb:26:in `tagged'
  activesupport (4.1.6) lib/active_support/tagged_logging.rb:68:in `tagged'
  railties (4.1.6) lib/rails/rack/logger.rb:20:in `call'
  actionpack (4.1.6) lib/action_dispatch/middleware/request_id.rb:21:in `call'
  rack (1.5.2) lib/rack/methodoverride.rb:21:in `call'
  rack (1.5.2) lib/rack/runtime.rb:17:in `call'
  activesupport (4.1.6) lib/active_support/cache/strategy/local_cache_middleware.rb:26:in `call'
  rack (1.5.2) lib/rack/lock.rb:17:in `call'
  actionpack (4.1.6) lib/action_dispatch/middleware/static.rb:64:in `call'
  rack (1.5.2) lib/rack/sendfile.rb:112:in `call'
  railties (4.1.6) lib/rails/engine.rb:514:in `call'
  railties (4.1.6) lib/rails/application.rb:144:in `call'
  rack (1.5.2) lib/rack/lock.rb:17:in `call'
  rack (1.5.2) lib/rack/content_length.rb:14:in `call'
  rack (1.5.2) lib/rack/handler/webrick.rb:60:in `service'
  /Users/Amelia/.rvm/rubies/ruby-2.1.2/lib/ruby/2.1.0/webrick/httpserver.rb:138:in `service'
  /Users/Amelia/.rvm/rubies/ruby-2.1.2/lib/ruby/2.1.0/webrick/httpserver.rb:94:in `run'
  /Users/Amelia/.rvm/rubies/ruby-2.1.2/lib/ruby/2.1.0/webrick/server.rb:295:in `block in start_thread'


  Rendered /Users/Amelia/.rvm/gems/ruby-2.1.2/gems/actionpack-4.1.6/lib/action_dispatch/middleware/templates/rescues/_trace.html.erb (1.5ms)
  Rendered /Users/Amelia/.rvm/gems/ruby-2.1.2/gems/actionpack-4.1.6/lib/action_dispatch/middleware/templates/routes/_route.html.erb (4.0ms)
  Rendered /Users/Amelia/.rvm/gems/ruby-2.1.2/gems/actionpack-4.1.6/lib/action_dispatch/middleware/templates/routes/_table.html.erb (2.4ms)
  Rendered /Users/Amelia/.rvm/gems/ruby-2.1.2/gems/actionpack-4.1.6/lib/action_dispatch/middleware/templates/rescues/routing_error.html.erb within rescues/layout (30.3ms)


Started GET "/" for 127.0.0.1 at 2014-10-12 22:43:07 +1300
Processing by WelcomeController#index as HTML
  Rendered welcome/index.html.erb within layouts/application (0.1ms)
Completed 200 OK in 144ms (Views: 143.1ms | ActiveRecord: 0.0ms)


Started GET "/assets/application.css?body=1" for 127.0.0.1 at 2014-10-12 22:43:08 +1300


Started GET "/assets/welcome.css?body=1" for 127.0.0.1 at 2014-10-12 22:43:08 +1300


Started GET "/assets/jquery.js?body=1" for 127.0.0.1 at 2014-10-12 22:43:08 +1300


Started GET "/assets/jquery_ujs.js?body=1" for 127.0.0.1 at 2014-10-12 22:43:08 +1300


Started GET "/assets/welcome.js?body=1" for 127.0.0.1 at 2014-10-12 22:43:08 +1300


Started GET "/assets/application.js?body=1" for 127.0.0.1 at 2014-10-12 22:43:08 +1300


Started GET "/assets/IMG_1144.jpg" for 127.0.0.1 at 2014-10-12 22:43:09 +1300

ActionController::RoutingError (No route matches [GET] "/IMG_1144.jpg"):
  actionpack (4.1.6) lib/action_dispatch/middleware/debug_exceptions.rb:21:in `call'
  actionpack (4.1.6) lib/action_dispatch/middleware/show_exceptions.rb:30:in `call'
  railties (4.1.6) lib/rails/rack/logger.rb:38:in `call_app'
  railties (4.1.6) lib/rails/rack/logger.rb:20:in `block in call'
  activesupport (4.1.6) lib/active_support/tagged_logging.rb:68:in `block in tagged'
  activesupport (4.1.6) lib/active_support/tagged_logging.rb:26:in `tagged'
  activesupport (4.1.6) lib/active_support/tagged_logging.rb:68:in `tagged'
  railties (4.1.6) lib/rails/rack/logger.rb:20:in `call'
  actionpack (4.1.6) lib/action_dispatch/middleware/request_id.rb:21:in `call'
  rack (1.5.2) lib/rack/methodoverride.rb:21:in `call'
  rack (1.5.2) lib/rack/runtime.rb:17:in `call'
  activesupport (4.1.6) lib/active_support/cache/strategy/local_cache_middleware.rb:26:in `call'
  rack (1.5.2) lib/rack/lock.rb:17:in `call'
  actionpack (4.1.6) lib/action_dispatch/middleware/static.rb:64:in `call'
  rack (1.5.2) lib/rack/sendfile.rb:112:in `call'
  railties (4.1.6) lib/rails/engine.rb:514:in `call'
  railties (4.1.6) lib/rails/application.rb:144:in `call'
  rack (1.5.2) lib/rack/lock.rb:17:in `call'
  rack (1.5.2) lib/rack/content_length.rb:14:in `call'
  rack (1.5.2) lib/rack/handler/webrick.rb:60:in `service'
  /Users/Amelia/.rvm/rubies/ruby-2.1.2/lib/ruby/2.1.0/webrick/httpserver.rb:138:in `service'
  /Users/Amelia/.rvm/rubies/ruby-2.1.2/lib/ruby/2.1.0/webrick/httpserver.rb:94:in `run'
  /Users/Amelia/.rvm/rubies/ruby-2.1.2/lib/ruby/2.1.0/webrick/server.rb:295:in `block in start_thread'


  Rendered /Users/Amelia/.rvm/gems/ruby-2.1.2/gems/actionpack-4.1.6/lib/action_dispatch/middleware/templates/rescues/_trace.html.erb (1.6ms)
  Rendered /Users/Amelia/.rvm/gems/ruby-2.1.2/gems/actionpack-4.1.6/lib/action_dispatch/middleware/templates/routes/_route.html.erb (2.4ms)
  Rendered /Users/Amelia/.rvm/gems/ruby-2.1.2/gems/actionpack-4.1.6/lib/action_dispatch/middleware/templates/routes/_table.html.erb (1.5ms)
  Rendered /Users/Amelia/.rvm/gems/ruby-2.1.2/gems/actionpack-4.1.6/lib/action_dispatch/middleware/templates/rescues/routing_error.html.erb within rescues/layout (34.0ms)


Started GET "/" for 127.0.0.1 at 2014-10-12 22:44:01 +1300
Processing by WelcomeController#index as HTML
  Rendered welcome/index.html.erb within layouts/application (0.1ms)
Completed 200 OK in 212ms (Views: 210.9ms | ActiveRecord: 0.0ms)


Started GET "/assets/welcome.css?body=1" for 127.0.0.1 at 2014-10-12 22:44:02 +1300


Started GET "/assets/application.css?body=1" for 127.0.0.1 at 2014-10-12 22:44:02 +1300


Started GET "/assets/welcome.js?body=1" for 127.0.0.1 at 2014-10-12 22:44:02 +1300


Started GET "/assets/jquery_ujs.js?body=1" for 127.0.0.1 at 2014-10-12 22:44:02 +1300


Started GET "/assets/application.js?body=1" for 127.0.0.1 at 2014-10-12 22:44:02 +1300


Started GET "/assets/jquery.js?body=1" for 127.0.0.1 at 2014-10-12 22:44:02 +1300


Started GET "/assets/IMG_1144.jpg" for 127.0.0.1 at 2014-10-12 22:44:02 +1300

ActionController::RoutingError (No route matches [GET] "/IMG_1144.jpg"):
  actionpack (4.1.6) lib/action_dispatch/middleware/debug_exceptions.rb:21:in `call'
  actionpack (4.1.6) lib/action_dispatch/middleware/show_exceptions.rb:30:in `call'
  railties (4.1.6) lib/rails/rack/logger.rb:38:in `call_app'
  railties (4.1.6) lib/rails/rack/logger.rb:20:in `block in call'
  activesupport (4.1.6) lib/active_support/tagged_logging.rb:68:in `block in tagged'
  activesupport (4.1.6) lib/active_support/tagged_logging.rb:26:in `tagged'
  activesupport (4.1.6) lib/active_support/tagged_logging.rb:68:in `tagged'
  railties (4.1.6) lib/rails/rack/logger.rb:20:in `call'
  actionpack (4.1.6) lib/action_dispatch/middleware/request_id.rb:21:in `call'
  rack (1.5.2) lib/rack/methodoverride.rb:21:in `call'
  rack (1.5.2) lib/rack/runtime.rb:17:in `call'
  activesupport (4.1.6) lib/active_support/cache/strategy/local_cache_middleware.rb:26:in `call'
  rack (1.5.2) lib/rack/lock.rb:17:in `call'
  actionpack (4.1.6) lib/action_dispatch/middleware/static.rb:64:in `call'
  rack (1.5.2) lib/rack/sendfile.rb:112:in `call'
  railties (4.1.6) lib/rails/engine.rb:514:in `call'
  railties (4.1.6) lib/rails/application.rb:144:in `call'
  rack (1.5.2) lib/rack/lock.rb:17:in `call'
  rack (1.5.2) lib/rack/content_length.rb:14:in `call'
  rack (1.5.2) lib/rack/handler/webrick.rb:60:in `service'
  /Users/Amelia/.rvm/rubies/ruby-2.1.2/lib/ruby/2.1.0/webrick/httpserver.rb:138:in `service'
  /Users/Amelia/.rvm/rubies/ruby-2.1.2/lib/ruby/2.1.0/webrick/httpserver.rb:94:in `run'
  /Users/Amelia/.rvm/rubies/ruby-2.1.2/lib/ruby/2.1.0/webrick/server.rb:295:in `block in start_thread'


  Rendered /Users/Amelia/.rvm/gems/ruby-2.1.2/gems/actionpack-4.1.6/lib/action_dispatch/middleware/templates/rescues/_trace.html.erb (2.2ms)
  Rendered /Users/Amelia/.rvm/gems/ruby-2.1.2/gems/actionpack-4.1.6/lib/action_dispatch/middleware/templates/routes/_route.html.erb (1.2ms)
  Rendered /Users/Amelia/.rvm/gems/ruby-2.1.2/gems/actionpack-4.1.6/lib/action_dispatch/middleware/templates/routes/_table.html.erb (1.9ms)
  Rendered /Users/Amelia/.rvm/gems/ruby-2.1.2/gems/actionpack-4.1.6/lib/action_dispatch/middleware/templates/rescues/routing_error.html.erb within rescues/layout (36.2ms)


Started GET "/" for 127.0.0.1 at 2014-10-12 22:44:24 +1300
Processing by WelcomeController#index as HTML
  Rendered welcome/index.html.erb within layouts/application (0.1ms)
Completed 200 OK in 122ms (Views: 121.7ms | ActiveRecord: 0.0ms)


Started GET "/assets/welcome.css?body=1" for 127.0.0.1 at 2014-10-12 22:44:25 +1300


Started GET "/assets/jquery.js?body=1" for 127.0.0.1 at 2014-10-12 22:44:25 +1300


Started GET "/assets/application.css?body=1" for 127.0.0.1 at 2014-10-12 22:44:25 +1300


Started GET "/assets/jquery_ujs.js?body=1" for 127.0.0.1 at 2014-10-12 22:44:25 +1300


Started GET "/assets/welcome.js?body=1" for 127.0.0.1 at 2014-10-12 22:44:25 +1300


Started GET "/assets/application.js?body=1" for 127.0.0.1 at 2014-10-12 22:44:25 +1300


Started GET "/assets/images/IMG_1144.jpg" for 127.0.0.1 at 2014-10-12 22:44:25 +1300

ActionController::RoutingError (No route matches [GET] "/images/IMG_1144.jpg"):
  actionpack (4.1.6) lib/action_dispatch/middleware/debug_exceptions.rb:21:in `call'
  actionpack (4.1.6) lib/action_dispatch/middleware/show_exceptions.rb:30:in `call'
  railties (4.1.6) lib/rails/rack/logger.rb:38:in `call_app'
  railties (4.1.6) lib/rails/rack/logger.rb:20:in `block in call'
  activesupport (4.1.6) lib/active_support/tagged_logging.rb:68:in `block in tagged'
  activesupport (4.1.6) lib/active_support/tagged_logging.rb:26:in `tagged'
  activesupport (4.1.6) lib/active_support/tagged_logging.rb:68:in `tagged'
  railties (4.1.6) lib/rails/rack/logger.rb:20:in `call'
  actionpack (4.1.6) lib/action_dispatch/middleware/request_id.rb:21:in `call'
  rack (1.5.2) lib/rack/methodoverride.rb:21:in `call'
  rack (1.5.2) lib/rack/runtime.rb:17:in `call'
  activesupport (4.1.6) lib/active_support/cache/strategy/local_cache_middleware.rb:26:in `call'
  rack (1.5.2) lib/rack/lock.rb:17:in `call'
  actionpack (4.1.6) lib/action_dispatch/middleware/static.rb:64:in `call'
  rack (1.5.2) lib/rack/sendfile.rb:112:in `call'
  railties (4.1.6) lib/rails/engine.rb:514:in `call'
  railties (4.1.6) lib/rails/application.rb:144:in `call'
  rack (1.5.2) lib/rack/lock.rb:17:in `call'
  rack (1.5.2) lib/rack/content_length.rb:14:in `call'
  rack (1.5.2) lib/rack/handler/webrick.rb:60:in `service'
  /Users/Amelia/.rvm/rubies/ruby-2.1.2/lib/ruby/2.1.0/webrick/httpserver.rb:138:in `service'
  /Users/Amelia/.rvm/rubies/ruby-2.1.2/lib/ruby/2.1.0/webrick/httpserver.rb:94:in `run'
  /Users/Amelia/.rvm/rubies/ruby-2.1.2/lib/ruby/2.1.0/webrick/server.rb:295:in `block in start_thread'


  Rendered /Users/Amelia/.rvm/gems/ruby-2.1.2/gems/actionpack-4.1.6/lib/action_dispatch/middleware/templates/rescues/_trace.html.erb (1.8ms)
  Rendered /Users/Amelia/.rvm/gems/ruby-2.1.2/gems/actionpack-4.1.6/lib/action_dispatch/middleware/templates/routes/_route.html.erb (1.1ms)
  Rendered /Users/Amelia/.rvm/gems/ruby-2.1.2/gems/actionpack-4.1.6/lib/action_dispatch/middleware/templates/routes/_table.html.erb (1.6ms)
  Rendered /Users/Amelia/.rvm/gems/ruby-2.1.2/gems/actionpack-4.1.6/lib/action_dispatch/middleware/templates/rescues/routing_error.html.erb within rescues/layout (25.7ms)


Started GET "/" for 127.0.0.1 at 2014-10-12 22:46:36 +1300
Processing by WelcomeController#index as HTML
  Rendered welcome/index.html.erb within layouts/application (0.2ms)
Completed 200 OK in 376ms (Views: 352.7ms | ActiveRecord: 0.0ms)


Started GET "/assets/welcome.css?body=1" for 127.0.0.1 at 2014-10-12 22:46:39 +1300


Started GET "/assets/jquery.js?body=1" for 127.0.0.1 at 2014-10-12 22:46:39 +1300


Started GET "/assets/jquery_ujs.js?body=1" for 127.0.0.1 at 2014-10-12 22:46:39 +1300


Started GET "/assets/application.css?body=1" for 127.0.0.1 at 2014-10-12 22:46:39 +1300


Started GET "/assets/welcome.js?body=1" for 127.0.0.1 at 2014-10-12 22:46:39 +1300


Started GET "/assets/application.js?body=1" for 127.0.0.1 at 2014-10-12 22:46:39 +1300


Started GET "/assets/images/IMG_1144.JPG" for 127.0.0.1 at 2014-10-12 22:46:40 +1300

ActionController::RoutingError (No route matches [GET] "/images/IMG_1144.JPG"):
  actionpack (4.1.6) lib/action_dispatch/middleware/debug_exceptions.rb:21:in `call'
  actionpack (4.1.6) lib/action_dispatch/middleware/show_exceptions.rb:30:in `call'
  railties (4.1.6) lib/rails/rack/logger.rb:38:in `call_app'
  railties (4.1.6) lib/rails/rack/logger.rb:20:in `block in call'
  activesupport (4.1.6) lib/active_support/tagged_logging.rb:68:in `block in tagged'
  activesupport (4.1.6) lib/active_support/tagged_logging.rb:26:in `tagged'
  activesupport (4.1.6) lib/active_support/tagged_logging.rb:68:in `tagged'
  railties (4.1.6) lib/rails/rack/logger.rb:20:in `call'
  actionpack (4.1.6) lib/action_dispatch/middleware/request_id.rb:21:in `call'
  rack (1.5.2) lib/rack/methodoverride.rb:21:in `call'
  rack (1.5.2) lib/rack/runtime.rb:17:in `call'
  activesupport (4.1.6) lib/active_support/cache/strategy/local_cache_middleware.rb:26:in `call'
  rack (1.5.2) lib/rack/lock.rb:17:in `call'
  actionpack (4.1.6) lib/action_dispatch/middleware/static.rb:64:in `call'
  rack (1.5.2) lib/rack/sendfile.rb:112:in `call'
  railties (4.1.6) lib/rails/engine.rb:514:in `call'
  railties (4.1.6) lib/rails/application.rb:144:in `call'
  rack (1.5.2) lib/rack/lock.rb:17:in `call'
  rack (1.5.2) lib/rack/content_length.rb:14:in `call'
  rack (1.5.2) lib/rack/handler/webrick.rb:60:in `service'
  /Users/Amelia/.rvm/rubies/ruby-2.1.2/lib/ruby/2.1.0/webrick/httpserver.rb:138:in `service'
  /Users/Amelia/.rvm/rubies/ruby-2.1.2/lib/ruby/2.1.0/webrick/httpserver.rb:94:in `run'
  /Users/Amelia/.rvm/rubies/ruby-2.1.2/lib/ruby/2.1.0/webrick/server.rb:295:in `block in start_thread'


  Rendered /Users/Amelia/.rvm/gems/ruby-2.1.2/gems/actionpack-4.1.6/lib/action_dispatch/middleware/templates/rescues/_trace.html.erb (3.0ms)
  Rendered /Users/Amelia/.rvm/gems/ruby-2.1.2/gems/actionpack-4.1.6/lib/action_dispatch/middleware/templates/routes/_route.html.erb (1.2ms)
  Rendered /Users/Amelia/.rvm/gems/ruby-2.1.2/gems/actionpack-4.1.6/lib/action_dispatch/middleware/templates/routes/_table.html.erb (160.1ms)
  Rendered /Users/Amelia/.rvm/gems/ruby-2.1.2/gems/actionpack-4.1.6/lib/action_dispatch/middleware/templates/rescues/routing_error.html.erb within rescues/layout (289.0ms)


Started GET "/" for 127.0.0.1 at 2014-10-12 22:48:58 +1300
Processing by WelcomeController#index as HTML
  Rendered welcome/index.html.erb within layouts/application (7.0ms)
Completed 200 OK in 295ms (Views: 294.4ms | ActiveRecord: 0.0ms)


Started GET "/assets/welcome.css?body=1" for 127.0.0.1 at 2014-10-12 22:48:59 +1300


Started GET "/assets/application.css?body=1" for 127.0.0.1 at 2014-10-12 22:48:59 +1300


Started GET "/assets/jquery.js?body=1" for 127.0.0.1 at 2014-10-12 22:48:59 +1300


Started GET "/assets/application.js?body=1" for 127.0.0.1 at 2014-10-12 22:48:59 +1300


Started GET "/assets/welcome.js?body=1" for 127.0.0.1 at 2014-10-12 22:48:59 +1300


Started GET "/assets/jquery_ujs.js?body=1" for 127.0.0.1 at 2014-10-12 22:48:59 +1300


Started GET "/assets/IMG_1144.JPG" for 127.0.0.1 at 2014-10-12 22:48:59 +1300
